Performing C++ SOURCE FILE Test CMAKE_HAVE_LIBC_PTHREAD failed with the following output:
Change Dir: /home/yindi/workspace/http/cpp-httplib/build/CMakeFiles/CMakeTmp

Run Build Command(s):/usr/bin/make cmTC_e4134/fast && /usr/bin/make  -f CMakeFiles/cmTC_e4134.dir/build.make CMakeFiles/cmTC_e4134.dir/build
make[1]: Entering directory '/home/yindi/workspace/http/cpp-httplib/build/CMakeFiles/CMakeTmp'
Building CXX object CMakeFiles/cmTC_e4134.dir/src.cxx.o
/usr/bin/c++    -DCMAKE_HAVE_LIBC_PTHREAD   -o CMakeFiles/cmTC_e4134.dir/src.cxx.o -c /home/yindi/workspace/http/cpp-httplib/build/CMakeFiles/CMakeTmp/src.cxx
Linking CXX executable cmTC_e4134
/usr/local/bin/cmake -E cmake_link_script CMakeFiles/cmTC_e4134.dir/link.txt --verbose=1
/usr/bin/c++   -DCMAKE_HAVE_LIBC_PTHREAD    CMakeFiles/cmTC_e4134.dir/src.cxx.o  -o cmTC_e4134 
CMakeFiles/cmTC_e4134.dir/src.cxx.o: In function `main':
src.cxx:(.text+0x3e): undefined reference to `pthread_create'
src.cxx:(.text+0x4a): undefined reference to `pthread_detach'
src.cxx:(.text+0x56): undefined reference to `pthread_cancel'
src.cxx:(.text+0x67): undefined reference to `pthread_join'
src.cxx:(.text+0x7b): undefined reference to `pthread_atfork'
collect2: error: ld returned 1 exit status
CMakeFiles/cmTC_e4134.dir/build.make:106: recipe for target 'cmTC_e4134' failed
make[1]: *** [cmTC_e4134] Error 1
make[1]: Leaving directory '/home/yindi/workspace/http/cpp-httplib/build/CMakeFiles/CMakeTmp'
Makefile:141: recipe for target 'cmTC_e4134/fast' failed
make: *** [cmTC_e4134/fast] Error 2


Source file was:
#include <pthread.h>

void* test_func(void* data)
{
  return data;
}

int main(void)
{
  pthread_t thread;
  pthread_create(&thread, NULL, test_func, NULL);
  pthread_detach(thread);
  pthread_cancel(thread);
  pthread_join(thread, NULL);
  pthread_atfork(NULL, NULL, NULL);
  pthread_exit(NULL);

  return 0;
}

Determining if the function pthread_create exists in the pthreads failed with the following output:
Change Dir: /home/yindi/workspace/http/cpp-httplib/build/CMakeFiles/CMakeTmp

Run Build Command(s):/usr/bin/make cmTC_97fda/fast && /usr/bin/make  -f CMakeFiles/cmTC_97fda.dir/build.make CMakeFiles/cmTC_97fda.dir/build
make[1]: Entering directory '/home/yindi/workspace/http/cpp-httplib/build/CMakeFiles/CMakeTmp'
Building CXX object CMakeFiles/cmTC_97fda.dir/CheckFunctionExists.cxx.o
/usr/bin/c++    -DCHECK_FUNCTION_EXISTS=pthread_create   -o CMakeFiles/cmTC_97fda.dir/CheckFunctionExists.cxx.o -c /home/yindi/workspace/http/cpp-httplib/build/CMakeFiles/CheckLibraryExists/CheckFunctionExists.cxx
Linking CXX executable cmTC_97fda
/usr/local/bin/cmake -E cmake_link_script CMakeFiles/cmTC_97fda.dir/link.txt --verbose=1
/usr/bin/c++   -DCHECK_FUNCTION_EXISTS=pthread_create    CMakeFiles/cmTC_97fda.dir/CheckFunctionExists.cxx.o  -o cmTC_97fda  -lpthreads 
/usr/bin/ld: cannot find -lpthreads
collect2: error: ld returned 1 exit status
CMakeFiles/cmTC_97fda.dir/build.make:106: recipe for target 'cmTC_97fda' failed
make[1]: *** [cmTC_97fda] Error 1
make[1]: Leaving directory '/home/yindi/workspace/http/cpp-httplib/build/CMakeFiles/CMakeTmp'
Makefile:141: recipe for target 'cmTC_97fda/fast' failed
make: *** [cmTC_97fda/fast] Error 2



