[2020-03-19 06:03:44:816697][Recieve require RSA]Recieve require RSA message
[2020-03-19 06:03:44:816837][SEND]Send RSA KEY
[2020-03-19 06:04:53:361520][Recieve require RSA]Recieve require RSA message
[2020-03-19 06:04:53:361642][SEND]Send RSA KEY
[2020-03-19 06:07:19:197483][Recieve require RSA]Recieve require RSA message
[2020-03-19 06:07:19:197806][SEND]Send RSA KEY
[2020-03-19 06:08:56:569715][Recieve require RSA]Recieve require RSA message
[2020-03-19 06:08:56:569828][SEND]Send RSA KEY
[2020-03-19 06:13:26:782262][Recieve require RSA]Recieve require RSA message
[2020-03-19 06:13:26:782641][SEND]Send RSA KEY
[2020-03-19 06:14:14:524065][Recieve require RSA]Recieve require RSA message
[2020-03-19 06:14:14:524238][SEND]Send RSA KEY
[2020-03-19 06:14:41:830412][Recieve require RSA]Recieve require RSA message
[2020-03-19 06:14:41:830824][SEND]Send RSA KEY
[2020-03-19 06:15:22:976017][Recieve require RSA]Recieve require RSA message
[2020-03-19 06:15:22:976353][SEND]Send RSA KEY
[2020-03-19 06:16:13:493414][Recieve require RSA]Recieve require RSA message
[2020-03-19 06:16:13:493628][SEND]Send RSA KEY
[2020-03-19 06:16:14:545458][REC]Recieve platform login message
[2020-03-19 06:16:15:598664][REC]Recieve AES message
[2020-03-19 06:16:16:649942][REC]Recieve AES message
[2020-03-19 06:19:33:050787][Recieve require RSA]Recieve require RSA message
[2020-03-19 06:19:33:050912][SEND]Send RSA KEY
[2020-03-19 06:19:34:114790][REC]Recieve platform login message
[2020-03-19 06:19:35:174870][REC]Recieve AES message
[2020-03-19 06:19:36:233625][REC]Recieve AES message
[2020-03-19 06:21:39:463337][Recieve require RSA]Recieve require RSA message
[2020-03-19 06:21:39:463444][SEND]Send RSA KEY
[2020-03-19 06:21:40:515677][REC]Recieve platform login message
[2020-03-19 06:21:41:569912][REC]Recieve AES message
[2020-03-19 06:21:42:621373][REC]Recieve AES message
[2020-03-19 06:26:07:876739][Recieve require RSA]Recieve require RSA message
[2020-03-19 06:26:07:876859][SEND]Send RSA KEY
[2020-03-19 06:26:08:931074][REC]Recieve platform login message
[2020-03-19 06:26:09:983164][REC]Recieve AES message
[2020-03-19 06:26:11:035438][REC]Recieve Car login
[2020-03-19 06:34:34:228002][Recieve require RSA]Recieve require RSA message
[2020-03-19 06:34:34:228378][SEND]Send RSA KEY
[2020-03-19 06:34:35:280640][REC]Recieve platform login message
[2020-03-19 06:34:36:332787][REC]Recieve AES message
[2020-03-19 06:34:37:384266][REC]Recieve Car login
[2020-03-19 06:37:01:419829][Recieve require RSA]Recieve require RSA message
[2020-03-19 06:37:01:419953][SEND]Send RSA KEY
[2020-03-19 06:37:02:471677][REC]Recieve platform login message
[2020-03-19 06:37:03:523007][REC]Recieve AES message
[2020-03-19 06:37:04:574097][REC]Recieve Car login
[2020-03-19 06:42:52:660570][Recieve require RSA]Recieve require RSA message
[2020-03-19 06:42:52:660743][SEND]Send RSA KEY
[2020-03-19 06:42:53:712760][REC]Recieve platform login message
[2020-03-19 06:42:54:767175][REC]Recieve AES message
[2020-03-19 06:42:55:815694][REC]Recieve Car login
[2020-03-19 06:44:25:655068][Recieve require RSA]Recieve require RSA message
[2020-03-19 06:44:25:655185][SEND]Send RSA KEY
[2020-03-19 06:44:26:725366][REC]Recieve platform login message
[2020-03-19 06:44:27:777161][REC]Recieve AES message
[2020-03-19 06:44:28:827995][REC]Recieve Car login
[2020-03-19 06:45:40:928414][Recieve require RSA]Recieve require RSA message
[2020-03-19 06:45:40:932451][SEND]Send RSA KEY
[2020-03-19 06:45:41:985462][REC]Recieve platform login message
[2020-03-19 06:45:43:030201][REC]Recieve AES message
[2020-03-19 06:45:44:083014][REC]Recieve Car login
[2020-03-19 06:46:39:863164][Recieve require RSA]Recieve require RSA message
[2020-03-19 06:46:39:863375][SEND]Send RSA KEY
[2020-03-19 06:46:40:907796][REC]Recieve platform login message
[2020-03-19 06:46:41:960853][REC]Recieve AES message
[2020-03-19 06:46:43:012059][REC]Recieve Car login
[2020-03-19 06:48:41:001962][Recieve require RSA]Recieve require RSA message
[2020-03-19 06:48:41:002093][SEND]Send RSA KEY
[2020-03-19 06:48:43:053370][REC]Recieve platform login message
[2020-03-19 06:48:44:108325][REC]Recieve AES message
[2020-03-19 06:48:45:161907][REC]Recieve Car login
[2020-03-19 06:52:40:826574][Recieve require RSA]Recieve require RSA message
[2020-03-19 06:52:40:826692][SEND]Send RSA KEY
[2020-03-19 06:52:41:881344][REC]Recieve platform login message
[2020-03-19 06:52:42:930070][REC]Recieve AES message
[2020-03-19 06:52:43:983159][REC]Recieve Car login
[2020-03-19 06:54:26:358351][Recieve require RSA]Recieve require RSA message
[2020-03-19 06:54:26:358473][SEND]Send RSA KEY
[2020-03-19 06:54:27:412152][REC]Recieve platform login message
[2020-03-19 06:54:28:464413][REC]Recieve AES message
[2020-03-19 06:54:29:517081][REC]Recieve Car login
[2020-03-19 06:56:19:535564][Recieve require RSA]Recieve require RSA message
[2020-03-19 06:56:19:535634][SEND]Send RSA KEY
[2020-03-19 06:56:20:589154][REC]Recieve platform login message
[2020-03-19 06:56:21:644114][REC]Recieve AES message
[2020-03-19 06:56:22:696447][REC]Recieve Car login
[2020-03-19 06:57:41:283038][Recieve require RSA]Recieve require RSA message
[2020-03-19 06:57:41:283184][SEND]Send RSA KEY
[2020-03-19 06:57:42:338224][REC]Recieve platform login message
[2020-03-19 06:57:43:391938][REC]Recieve AES message
[2020-03-19 06:57:44:443507][REC]Recieve Car login
[2020-03-19 07:00:23:371114][Recieve require RSA]Recieve require RSA message
[2020-03-19 07:00:23:371320][SEND]Send RSA KEY
[2020-03-19 07:00:24:425223][REC]Recieve platform login message
[2020-03-19 07:00:25:474797][REC]Recieve AES message
[2020-03-19 07:00:26:527610][REC]Recieve Car login
[2020-04-24 06:25:21:678147][Recieve require RSA]Recieve require RSA message
[2020-04-24 06:25:21:678570][SEND]Send RSA KEY
[2020-04-24 06:25:22:730572][REC]Recieve platform login message
[2020-04-24 06:25:23:783487][REC]Recieve AES message
[2020-04-24 06:25:24:835802][REC]Recieve Car login
[2020-04-24 06:26:11:765412][Recieve require RSA]Recieve require RSA message
[2020-04-24 06:26:11:765690][SEND]Send RSA KEY
[2020-04-24 06:26:12:819302][REC]Recieve platform login message
[2020-04-24 06:26:13:870783][REC]Recieve AES message
[2020-04-24 06:26:14:922905][REC]Recieve Car login
[2020-04-24 07:41:06:944362][Recieve require RSA]Recieve require RSA message
[2020-04-24 07:41:06:944790][SEND]Send RSA KEY
[2020-04-24 07:41:07:999917][REC]Recieve platform login message
[2020-04-24 07:41:09:051530][REC]Recieve AES message
[2020-04-24 07:41:10:102927][REC]Recieve Car login
[2020-04-24 07:53:43:317957][Recieve require RSA]Recieve require RSA message
[2020-04-24 07:53:43:318301][SEND]Send RSA KEY
[2020-04-24 07:53:44:386459][REC]Recieve platform login message
[2020-04-24 07:53:45:499506][REC]Recieve AES message
[2020-04-24 07:53:46:610313][REC]Recieve Car login
[2020-04-24 07:53:51:711303][REC]Recieve RealTimeMessage message
[2020-04-24 07:53:51:852327][REC]Recieve RealTimeMessage message
[2020-04-24 07:53:51:952310][REC]Recieve RealTimeMessage message
[2020-04-24 07:53:54:682440][REC]Recieve RealTimeMessage message
[2020-04-24 07:54:04:683350][REC]Recieve RealTimeMessage message
[2020-04-24 07:54:14:783334][REC]Recieve RealTimeMessage message
[2020-04-24 07:54:24:674944][REC]Recieve RealTimeMessage message
[2020-04-24 08:04:09:115241][Recieve require RSA]Recieve require RSA message
[2020-04-24 08:04:09:115464][SEND]Send RSA KEY
[2020-04-24 08:04:10:707542][REC]Recieve platform login message
[2020-04-24 08:04:11:001943][REC]Recieve AES message
[2020-04-24 08:04:13:259349][REC]Recieve Car login
[2020-04-24 08:04:16:747652][REC]Recieve RealTimeMessage message
[2020-04-24 08:04:26:499785][REC]Recieve RealTimeMessage message
[2020-04-24 08:04:36:420413][REC]Recieve RealTimeMessage message
[2020-04-24 08:08:50:868686][Recieve require RSA]Recieve require RSA message
[2020-04-24 08:08:50:868995][SEND]Send RSA KEY
[2020-04-24 08:08:52:062058][REC]Recieve platform login message
[2020-04-24 08:08:53:341370][REC]Recieve AES message
[2020-04-24 08:08:54:653713][REC]Recieve Car login
[2020-04-24 08:08:56:541873][REC]Recieve RealTimeMessage message
[2020-04-24 08:10:09:752371][Recieve require RSA]Recieve require RSA message
[2020-04-24 08:10:09:752686][SEND]Send RSA KEY
[2020-04-24 08:10:10:930310][REC]Recieve platform login message
[2020-04-24 08:10:12:229700][REC]Recieve AES message
[2020-04-24 08:10:13:526522][REC]Recieve Car login
[2020-04-24 08:10:15:442348][REC]Recieve RealTimeMessage message
[2020-04-24 08:10:25:442750][REC]Recieve RealTimeMessage message
[2020-04-24 09:13:11:293960][Recieve require RSA]Recieve require RSA message
[2020-04-24 09:13:11:294209][SEND]Send RSA KEY
[2020-04-24 09:13:12:862679][REC]Recieve platform login message
[2020-04-24 09:13:13:982515][REC]Recieve AES message
[2020-04-24 09:13:15:108547][REC]Recieve Car login
[2020-04-24 09:13:16:214292][REC]Recieve RealTimeMessage message
[2020-04-24 09:13:21:196554][REC]Recieve RealTimeMessage message
[2020-04-24 09:13:21:356639][REC]Recieve RealTimeMessage message
[2020-04-24 09:13:21:516551][REC]Recieve RealTimeMessage message
[2020-04-24 09:13:21:676685][REC]Recieve RealTimeMessage message
[2020-04-24 09:13:26:168512][REC]Recieve RealTimeMessage message
[2020-04-24 09:16:41:293682][Recieve require RSA]Recieve require RSA message
[2020-04-24 09:16:41:293877][SEND]Send RSA KEY
[2020-04-24 09:16:42:355193][REC]Recieve platform login message
[2020-04-24 09:16:43:467392][REC]Recieve AES message
[2020-04-24 09:16:44:579505][REC]Recieve Car login
[2020-04-24 09:16:46:259601][REC]Recieve RealTimeMessage message
[2020-04-24 09:16:56:179554][REC]Recieve RealTimeMessage message
[2020-04-24 09:29:48:064958][Recieve require RSA]Recieve require RSA message
[2020-04-24 09:29:48:065248][SEND]Send RSA KEY
[2020-04-24 09:29:49:107455][REC]Recieve platform login message
[2020-04-24 09:29:50:251496][REC]Recieve AES message
[2020-04-24 09:29:51:379156][REC]Recieve Car login
[2020-04-24 09:29:55:219086][REC]Recieve RealTimeMessage message
[2020-04-24 09:30:29:308890][Recieve require RSA]Recieve require RSA message
[2020-04-24 09:30:29:309083][SEND]Send RSA KEY
[2020-04-24 09:30:30:350865][REC]Recieve platform login message
[2020-04-24 09:30:31:479564][REC]Recieve AES message
[2020-04-24 09:30:32:590593][REC]Recieve Car login
[2020-04-24 09:30:34:230501][REC]Recieve RealTimeMessage message
[2020-04-24 09:30:39:222640][REC]Recieve RealTimeMessage message
[2020-04-24 09:35:26:393610][Recieve require RSA]Recieve require RSA message
[2020-04-24 09:35:26:393909][SEND]Send RSA KEY
[2020-04-24 09:35:27:407990][REC]Recieve platform login message
[2020-04-24 09:35:28:527954][REC]Recieve AES message
[2020-04-24 09:35:29:653399][REC]Recieve Car login
[2020-04-24 09:35:32:280831][REC]Recieve RealTimeMessage message
[2020-04-24 09:35:42:199953][REC]Recieve RealTimeMessage message
[2020-04-24 10:19:46:348696][Recieve require RSA]Recieve require RSA message
[2020-04-24 10:19:46:349190][SEND]Send RSA KEY
[2020-04-24 10:19:48:277419][REC]Recieve platform login message
[2020-04-24 10:19:49:396127][REC]Recieve AES message
[2020-04-24 10:19:50:508627][REC]Recieve Car login
[2020-04-24 10:19:52:268029][REC]Recieve RealTimeMessage message
[2020-04-24 10:20:31:323695][Recieve require RSA]Recieve require RSA message
[2020-04-24 10:20:31:326099][SEND]Send RSA KEY
[2020-04-24 10:20:32:385720][REC]Recieve platform login message
[2020-04-24 10:20:33:505954][REC]Recieve AES message
[2020-04-24 10:20:34:617763][REC]Recieve Car login
[2020-04-24 10:20:36:057778][REC]Recieve RealTimeMessage message
[2020-04-24 10:20:40:897255][REC]Recieve RealTimeMessage message
[2020-04-24 10:28:01:902054][Recieve require RSA]Recieve require RSA message
[2020-04-24 10:28:01:902274][SEND]Send RSA KEY
[2020-04-24 10:28:02:936167][REC]Recieve platform login message
[2020-04-24 10:28:04:080083][REC]Recieve AES message
[2020-04-24 10:28:05:177511][REC]Recieve Car login
[2020-04-24 10:28:07:968053][REC]Recieve RealTimeMessage message
[2020-04-24 10:28:17:928608][REC]Recieve RealTimeMessage message
[2020-04-24 10:34:44:484817][Recieve require RSA]Recieve require RSA message
[2020-04-24 10:34:44:485043][SEND]Send RSA KEY
[2020-04-24 10:34:45:521254][REC]Recieve platform login message
[2020-04-24 10:34:46:670660][REC]Recieve AES message
[2020-04-24 10:34:47:795356][REC]Recieve Car login
[2020-04-24 10:34:49:016321][REC]Recieve RealTimeMessage message
[2020-04-24 10:34:58:913845][REC]Recieve RealTimeMessage message
[2020-04-24 10:45:57:241874][Recieve require RSA]Recieve require RSA message
[2020-04-24 10:45:57:242074][SEND]Send RSA KEY
[2020-04-24 10:45:58:293755][REC]Recieve platform login message
[2020-04-24 10:45:59:415030][REC]Recieve AES message
[2020-04-24 10:47:30:973020][Recieve require RSA]Recieve require RSA message
[2020-04-24 10:47:30:973272][SEND]Send RSA KEY
[2020-04-24 10:47:32:013962][REC]Recieve platform login message
[2020-04-24 11:07:43:646769][Recieve require RSA]Recieve require RSA message
[2020-04-24 11:07:43:646990][SEND]Send RSA KEY
[2020-04-24 11:07:44:681167][REC]Recieve platform login message
[2020-04-24 11:07:45:815504][REC]Recieve AES message
[2020-04-24 11:08:22:809971][Recieve require RSA]Recieve require RSA message
[2020-04-24 11:08:22:810212][SEND]Send RSA KEY
[2020-04-24 11:08:23:839536][REC]Recieve platform login message
[2020-04-24 11:08:24:980463][REC]Recieve AES message
[2020-04-24 11:08:26:080622][REC]Recieve Car login
[2020-04-24 11:08:28:903623][REC]Recieve RealTimeMessage message
[2020-04-24 11:08:38:903228][REC]Recieve RealTimeMessage message
[2020-04-24 11:08:48:957287][REC]Recieve RealTimeMessage message
[2020-04-24 11:08:58:952789][REC]Recieve RealTimeMessage message
[2020-04-24 11:09:08:903705][REC]Recieve RealTimeMessage message
[2020-04-24 11:09:18:911659][REC]Recieve RealTimeMessage message
[2020-04-24 11:09:28:903924][REC]Recieve RealTimeMessage message
[2020-04-24 11:09:38:941727][REC]Recieve RealTimeMessage message
